SF:lib/modules/auth/domain/entities/user_entity.dart
DA:7,5
DA:12,10
DA:13,10
DA:14,10
DA:15,10
DA:17,1
DA:18,1
DA:19,1
DA:20,1
DA:21,1
DA:22,1
DA:26,1
DA:32,1
DA:33,1
DA:34,1
DA:35,1
DA:36,1
LF:17
LH:17
end_of_record
SF:lib/modules/auth/domain/errors/auth_errors.dart
DA:5,6
DA:8,12
DA:12,6
DA:19,2
LF:4
LH:4
end_of_record
SF:lib/modules/auth/infra/repositories/auth_repository_imp.dart
DA:10,1
DA:13,1
DA:16,2
DA:18,1
DA:21,1
DA:22,1
DA:23,1
DA:29,1
DA:30,1
DA:37,1
DA:40,2
DA:42,1
DA:45,1
DA:46,1
DA:47,1
DA:53,1
DA:54,1
DA:61,1
DA:64,2
DA:66,1
DA:69,1
DA:70,1
DA:71,1
DA:77,1
DA:78,1
DA:85,1
DA:88,2
DA:90,1
DA:93,1
DA:94,1
DA:95,1
DA:101,1
DA:102,1
LF:33
LH:33
end_of_record
SF:lib/modules/auth/presenter/states/login_state.dart
DA:13,2
LF:1
LH:1
end_of_record
SF:lib/modules/auth/presenter/stores/login_store.dart
DA:10,1
DA:11,2
DA:13,1
DA:14,2
DA:15,1
DA:18,2
DA:19,1
DA:23,1
DA:24,2
DA:26,2
DA:29,2
DA:33,2
DA:37,1
DA:38,2
DA:40,2
DA:43,2
DA:47,2
LF:17
LH:17
end_of_record
SF:lib/modules/auth/domain/usecases/login_with_google_usecase/login_with_google_usecase_imp.dart
DA:9,1
DA:12,1
DA:14,2
LF:3
LH:3
end_of_record
SF:lib/modules/auth/domain/usecases/login_with_apple_usecase/login_with_apple_usecase_imp.dart
DA:9,1
DA:12,1
DA:14,2
LF:3
LH:3
end_of_record
SF:lib/modules/review/domain/entities/review_entity.dart
DA:10,8
DA:18,16
DA:19,16
DA:20,16
DA:22,2
DA:31,2
DA:32,2
DA:33,2
DA:34,2
DA:35,2
DA:36,2
DA:37,2
DA:38,1
LF:13
LH:13
end_of_record
SF:lib/modules/review/domain/errors/review_errors.dart
DA:5,7
DA:12,5
DA:19,3
LF:3
LH:3
end_of_record
SF:lib/modules/review/infra/repositories/review_repository.dart
DA:8,1
DA:13,1
DA:16,2
DA:17,1
DA:20,3
DA:23,2
DA:27,1
DA:30,2
DA:31,1
DA:34,3
DA:37,2
DA:41,1
DA:44,2
DA:45,1
DA:48,3
DA:51,2
DA:55,1
DA:58,2
DA:59,1
DA:62,3
DA:65,2
DA:69,1
DA:75,2
DA:76,1
DA:79,3
DA:82,2
DA:86,1
DA:90,2
DA:91,1
DA:94,3
DA:97,2
DA:101,1
DA:106,2
DA:107,1
DA:110,3
DA:113,2
DA:117,1
DA:123,2
DA:124,1
DA:127,3
DA:130,2
LF:41
LH:41
end_of_record
SF:lib/modules/review/domain/usecases/create_review_usecase/create_review_usecase.dart
DA:10,1
DA:15,1
DA:17,2
LF:3
LH:3
end_of_record
SF:lib/modules/review/domain/usecases/get_photos_download_url_usecase/get_photos_download_url_usecase.dart
DA:10,0
DA:15,0
DA:17,0
LF:3
LH:0
end_of_record
SF:lib/modules/review/domain/usecases/get_review_by_id_usecase/get_review_by_id.dart
DA:10,1
DA:15,1
DA:17,2
LF:3
LH:3
end_of_record
SF:lib/modules/review/domain/usecases/update_review_usecase/update_review_usecase.dart
DA:10,1
DA:15,1
DA:17,2
LF:3
LH:3
end_of_record
SF:lib/modules/review/presenter/states/review_details_state.dart
DA:9,2
DA:14,2
LF:2
LH:2
end_of_record
SF:lib/modules/review/presenter/stores/review_details_store.dart
DA:16,1
DA:20,2
DA:26,1
DA:28,2
DA:30,2
DA:33,2
DA:37,3
DA:40,2
DA:44,3
DA:47,1
DA:49,2
DA:51,2
DA:54,2
DA:59,2
LF:14
LH:14
end_of_record
SF:lib/modules/review/domain/usecases/delete_review_usecase/delete_review_usecase.dart
DA:10,1
DA:15,1
DA:17,2
LF:3
LH:3
end_of_record
