SF:lib/modules/auth/domain/entities/user_entity.dart
DA:7,5
DA:12,10
DA:13,10
DA:14,10
DA:15,10
DA:17,1
DA:18,1
DA:19,1
DA:20,1
DA:21,1
DA:22,1
DA:26,1
DA:32,1
DA:33,1
DA:34,1
DA:35,1
DA:36,1
LF:17
LH:17
end_of_record
SF:lib/modules/auth/domain/errors/auth_errors.dart
DA:5,5
DA:8,10
DA:12,5
DA:19,1
LF:4
LH:4
end_of_record
SF:lib/modules/auth/infra/repositories/auth_repository_imp.dart
DA:10,1
DA:13,1
DA:16,2
DA:18,1
DA:21,0
DA:22,0
DA:23,0
DA:29,1
DA:30,1
DA:37,1
DA:40,2
DA:42,1
DA:45,0
DA:46,0
DA:47,0
DA:53,1
DA:54,1
DA:61,0
DA:64,0
DA:66,0
DA:69,0
DA:70,0
DA:71,0
DA:77,0
DA:78,0
DA:85,0
DA:88,0
DA:90,0
DA:93,0
DA:94,0
DA:95,0
DA:101,0
DA:102,0
LF:33
LH:11
end_of_record
SF:lib/modules/auth/presenter/states/login_state.dart
DA:13,1
LF:1
LH:1
end_of_record
SF:lib/modules/auth/presenter/stores/login_store.dart
DA:10,1
DA:11,2
DA:13,1
DA:14,2
DA:15,1
DA:18,0
DA:19,0
DA:23,1
DA:24,2
DA:26,2
DA:29,0
DA:33,2
DA:37,0
DA:38,0
DA:40,0
DA:43,0
DA:47,0
LF:17
LH:9
end_of_record
SF:lib/modules/auth/domain/usecases/login_with_google_usecase/login_with_google_usecase_imp.dart
DA:9,1
DA:12,1
DA:14,2
LF:3
LH:3
end_of_record
SF:lib/modules/auth/domain/usecases/login_with_apple_usecase/login_with_apple_usecase_imp.dart
DA:9,1
DA:12,1
DA:14,2
LF:3
LH:3
end_of_record
SF:lib/modules/review/domain/entities/review_entity.dart
DA:10,6
DA:18,12
DA:19,12
DA:20,12
DA:22,1
DA:31,1
DA:32,1
DA:33,1
DA:34,1
DA:35,1
DA:36,1
DA:37,1
DA:38,1
LF:13
LH:13
end_of_record
SF:lib/modules/review/domain/errors/review_errors.dart
DA:5,5
DA:12,5
DA:19,1
LF:3
LH:3
end_of_record
SF:lib/modules/review/infra/repositories/review_repository.dart
DA:8,1
DA:13,1
DA:16,2
DA:18,2
DA:22,1
DA:25,2
DA:26,1
DA:29,0
DA:32,2
DA:36,1
DA:39,2
DA:40,1
DA:43,0
DA:46,2
DA:50,1
DA:53,2
DA:54,1
DA:57,0
DA:60,2
DA:64,0
DA:70,0
DA:71,0
DA:74,0
DA:77,0
DA:81,0
DA:85,0
DA:86,0
DA:89,0
DA:92,0
DA:96,0
DA:101,0
DA:102,0
DA:105,0
DA:108,0
DA:112,0
DA:118,0
DA:119,0
DA:122,0
DA:125,0
LF:39
LH:16
end_of_record
SF:lib/modules/review/domain/usecases/create_review_usecase/create_review_usecase.dart
DA:10,1
DA:15,1
DA:17,2
LF:3
LH:3
end_of_record
SF:lib/modules/review/domain/usecases/get_review_by_id_usecase/get_review_by_id.dart
DA:10,1
DA:15,1
DA:17,2
LF:3
LH:3
end_of_record
SF:lib/modules/review/domain/usecases/update_review_usecase/update_review_usecase.dart
DA:10,1
DA:15,1
DA:17,2
LF:3
LH:3
end_of_record
SF:lib/modules/review/domain/usecases/delete_review_usecase/delete_review_usecase.dart
DA:10,1
DA:15,1
DA:17,2
LF:3
LH:3
end_of_record
